<?xml version="1.0" encoding="UTF-8"?>
<!-- Generated by org.testng.reporters.JUnitXMLReporter -->
<testsuite ignored="0" hostname="LAPTOP-5E08MPST" failures="1" tests="1" name="Default test" time="1.719" errors="0" timestamp="2022-12-15T20:03:07 IST">
  <testcase classname="io.cucumber.testng.AbstractTestNGCucumberTests" name="runScenario" time="0.193">
    <failure type="java.lang.NullPointerException" message="Cannot invoke &amp;quot;pageObjects.LandingPage.LoginApp(String, String)&amp;quot; because &amp;quot;this.landingPage&amp;quot; is null">
      <![CDATA[java.lang.NullPointerException: Cannot invoke "pageObjects.LandingPage.LoginApp(String, String)" because "this.landingPage" is null
at stepDefinations.StepDef.logged_in_with_username_and_password(StepDef.java:34)
at ✽.Logged in with username test17@mailinator.com and password Test@1234(file:///C:/Users/hp/eclipse/SeleniumFrameworkDesign/src/test/java/cucumber/ShopppingApp.feature:10)
]]>
    </failure>
  </testcase> <!-- runScenario -->
</testsuite> <!-- Default test -->
