<?xml version="1.0" encoding="UTF-8"?>
<testng-results ignored="0" total="1" passed="0" failed="1" skipped="0">
  <reporter-output>
  </reporter-output>
  <suite started-at="2022-12-15T20:03:05 IST" name="Default suite" finished-at="2022-12-15T20:03:07 IST" duration-ms="1719">
    <groups>
      <group name="cucumber">
        <method signature="AbstractTestNGCucumberTests.runScenario(io.cucumber.testng.PickleWrapper,io.cucumber.testng.FeatureWrapper)[pri:0, instance:cucumber.testNgTestRunner@5677323c]" name="runScenario" class="io.cucumber.testng.AbstractTestNGCucumberTests"/>
      </group> <!-- cucumber -->
    </groups>
    <test started-at="2022-12-15T20:03:05 IST" name="Default test" finished-at="2022-12-15T20:03:07 IST" duration-ms="1719">
      <class name="cucumber.testNgTestRunner">
        <test-method is-config="true" signature="setUpClass(org.testng.ITestContext)[pri:0, instance:cucumber.testNgTestRunner@5677323c]" started-at="2022-12-15T20:03:05 IST" name="setUpClass" finished-at="2022-12-15T20:03:06 IST" duration-ms="1324" status="PASS">
          <params>
            <param index="0">
              <value>
                <![CDATA[org.testng.TestRunner@28b576a9]]>
              </value>
            </param>
          </params>
          <reporter-output>
          </reporter-output>
        </test-method> <!-- setUpClass -->
        <test-method signature="runScenario(io.cucumber.testng.PickleWrapper,io.cucumber.testng.FeatureWrapper)[pri:0, instance:cucumber.testNgTestRunner@5677323c]" started-at="2022-12-15T20:03:06 IST" name="runScenario" description="Runs Cucumber Scenarios" data-provider="scenarios" finished-at="2022-12-15T20:03:07 IST" duration-ms="193" status="FAIL">
          <params>
            <param index="0">
              <value>
                <![CDATA["Positive test of submitting the order"]]>
              </value>
            </param>
            <param index="1">
              <value>
                <![CDATA["Purchase the order from Ecommerce webapp"]]>
              </value>
            </param>
          </params>
          <exception class="java.lang.NullPointerException">
            <message>
              <![CDATA[Cannot invoke "pageObjects.LandingPage.LoginApp(String, String)" because "this.landingPage" is null]]>
            </message>
            <full-stacktrace>
              <![CDATA[java.lang.NullPointerException: Cannot invoke "pageObjects.LandingPage.LoginApp(String, String)" because "this.landingPage" is null
at stepDefinations.StepDef.logged_in_with_username_and_password(StepDef.java:34)
at ✽.Logged in with username test17@mailinator.com and password Test@1234(file:///C:/Users/hp/eclipse/SeleniumFrameworkDesign/src/test/java/cucumber/ShopppingApp.feature:10)
]]>
            </full-stacktrace>
          </exception> <!-- java.lang.NullPointerException -->
          <reporter-output>
          </reporter-output>
        </test-method> <!-- runScenario -->
        <test-method is-config="true" signature="tearDownClass()[pri:0, instance:cucumber.testNgTestRunner@5677323c]" started-at="2022-12-15T20:03:07 IST" name="tearDownClass" finished-at="2022-12-15T20:03:07 IST" duration-ms="132" status="PASS">
          <reporter-output>
          </reporter-output>
        </test-method> <!-- tearDownClass -->
      </class> <!-- cucumber.testNgTestRunner -->
    </test> <!-- Default test -->
  </suite> <!-- Default suite -->
</testng-results>
