<?xml version="1.0" encoding="UTF-8"?>
<!-- Generated by org.testng.reporters.JUnitReportReporter -->
<testsuite hostname="LAPTOP-5E08MPST" failures="0" tests="1" name="cucumber.testNgTestRunner" time="0.193" errors="1" timestamp="2022-12-15T20:03:07 IST" skipped="0">
  <testcase classname="cucumber.testNgTestRunner" name="runScenario" time="0.193">
    <error message="Cannot invoke &quot;pageObjects.LandingPage.LoginApp(String, String)&quot; because &quot;this.landingPage&quot; is null" type="java.lang.NullPointerException">
      <![CDATA[java.lang.NullPointerException: Cannot invoke "pageObjects.LandingPage.LoginApp(String, String)" because "this.landingPage" is null
at stepDefinations.StepDef.logged_in_with_username_and_password(StepDef.java:34)
at ✽.Logged in with username test17@mailinator.com and password Test@1234(file:///C:/Users/hp/eclipse/SeleniumFrameworkDesign/src/test/java/cucumber/ShopppingApp.feature:10)
]]>
    </error>
  </testcase> <!-- runScenario -->
  <system-out/>
</testsuite> <!-- cucumber.testNgTestRunner -->
